[2014-08-19 08:15:11.973] [DEBUG] TopicMap - BookmarkModel.createPositionAndTags {"lox":"9cf7c3f0-27b3-11e4-82fd-85a8cf9ea129","crtr":"jackpark","sIco":"/images/bookmark_sm.png","lIco":"/images/bookmark.png","crDt":"2014-08-19T08:15:11","srtDt":1408461311408,"lEdDt":"2014-08-19T08:15:11","isPrv":"false","inOf":"BookmarkNodeType","trCl":["BookmarkNodeType","TypeType","ClassType","NodeType"],"subj":{"theText":"PSL Overview","lastEditDate":"2014-08-19T08:15:11","creatorId":"jackpark","editComment":""},"url":"http%3A%2F%2Fwww.slideshare.net%2Fstephenbach%2Fpsl-overview-22992504%3Fref%3Dhttp%3A%2F%2Fpsl.umiacs.umd.edu%2F","pvL":[{"relationType":"CreatorDocumentRelationType","relationLabel":"CreatorDocumentRelationType","icon":"/images/person_sm.png","locator":"jackpark","label":"Jack Park"}]}
[2014-08-19 08:15:11.984] [DEBUG] TopicMap - ES.getDocument {"_index":"topics","_type":"core","_id":"IssueNodeType"}
[2014-08-19 08:15:12.030] [DEBUG] TopicMap - ES.index {"_index":"topics","_type":"core","_id":"9d4e4860-27b3-11e4-ae26-25d27b46af11"}
[2014-08-19 08:15:12.058] [DEBUG] TopicMap - ES.index {"_index":"topics","_type":"core","_id":"9cf7c3f0-27b3-11e4-82fd-85a8cf9ea129"}
[2014-08-19 08:15:12.064] [DEBUG] TopicMap - RingBuffer conversation [object Object]
[2014-08-19 08:15:12.070] [DEBUG] TopicMap - ES.getDocument {"_index":"topics","_type":"core","_id":"PSL_Slides_TAG"}
[2014-08-19 08:15:12.075] [ERROR] TopicMap - ES.getDocument {"_index":"topics","_type":"core","_id":"PSL_Slides_TAG","query":{},"pathname":"/topics/core/PSL_Slides_TAG","method":"GET"}
[2014-08-19 08:15:12.075] [ERROR] TopicMap - DP.getNodeByLocator PSL_Slides_TAG Error: {"_index":"topics","_type":"core","_id":"PSL_Slides_TAG","found":false}
[2014-08-19 08:15:12.087] [DEBUG] TopicMap - ES.getDocument {"_index":"topics","_type":"core","_id":"TagNodeType"}
[2014-08-19 08:15:12.113] [DEBUG] TopicMap - ES.index {"_index":"topics","_type":"core","_id":"9d4e4860-27b3-11e4-ae26-25d27b46af11"}
[2014-08-19 08:15:12.137] [DEBUG] TopicMap - ES.index {"_index":"topics","_type":"core","_id":"PSL_Slides_TAG"}
[2014-08-19 08:15:12.158] [DEBUG] TopicMap - ES.getDocument {"_index":"topics","_type":"core","_id":"CreatorDocumentRelationType"}
[2014-08-19 08:15:12.189] [DEBUG] TopicMap - ES.index {"_index":"topics","_type":"core","_id":"jackparkCreatorDocumentRelationType9d4e4860-27b3-11e4-ae26-25d27b46af11"}
[2014-08-19 08:15:12.193] [DEBUG] TopicMap - RingBuffer tag [object Object],[object Object],[object Object]
[2014-08-19 08:15:12.195] [DEBUG] TopicMap - TagModel just added to RingBuffer
[2014-08-19 08:15:12.197] [DEBUG] TopicMap - TagModel.__wireRelations PSL_Slides_TAG 9d4e4860-27b3-11e4-ae26-25d27b46af11 jackpark
[2014-08-19 08:15:12.199] [DEBUG] TopicMap - TagModel.__wireRelations-1 TagCreatorRelationType jackpark PSL_Slides_TAG
[2014-08-19 08:15:12.216] [DEBUG] TopicMap - ES.getDocument {"_index":"topics","_type":"core","_id":"TagCreatorRelationType"}
[2014-08-19 08:15:12.246] [DEBUG] TopicMap - ES.index {"_index":"topics","_type":"core","_id":"jackparkTagCreatorRelationTypePSL_Slides_TAG"}
[2014-08-19 08:15:12.456] [DEBUG] TopicMap - ES.index {"_index":"topics","_type":"core","_id":"jackpark"}
[2014-08-19 08:15:12.678] [DEBUG] TopicMap - ES.index {"_index":"topics","_type":"core","_id":"jackpark"}
[2014-08-19 08:15:12.695] [DEBUG] TopicMap - ES.index {"_index":"topics","_type":"core","_id":"9d4e4860-27b3-11e4-ae26-25d27b46af11"}
[2014-08-19 08:15:12.712] [DEBUG] TopicMap - ES.index {"_index":"topics","_type":"core","_id":"PSL_Slides_TAG"}
[2014-08-19 08:15:12.720] [DEBUG] TopicMap - TagModel.__wireRelations-2 TagDocumentRelationType PSL_Slides_TAG 9d4e4860-27b3-11e4-ae26-25d27b46af11
[2014-08-19 08:15:12.737] [DEBUG] TopicMap - ES.getDocument {"_index":"topics","_type":"core","_id":"TagDocumentRelationType"}
[2014-08-19 08:15:12.748] [DEBUG] TopicMap - DataProvider.__listNodesByQuery {"size":100,"from":0,"query":{"match":{"inOf":"BookmarkNodeType"}},"sort":{"srtDt":{"order":"desc"}}}
[2014-08-19 08:15:12.780] [DEBUG] TopicMap - ES.index {"_index":"topics","_type":"core","_id":"PSL_Slides_TAGTagDocumentRelationType9d4e4860-27b3-11e4-ae26-25d27b46af11"}
[2014-08-19 08:15:13.436] [DEBUG] TopicMap - ES.index {"_index":"topics","_type":"core","_id":"PSL_Slides_TAG"}
[2014-08-19 08:15:13.470] [DEBUG] TopicMap - ES.index {"_index":"topics","_type":"core","_id":"9d4e4860-27b3-11e4-ae26-25d27b46af11"}
[2014-08-19 08:15:22.201] [DEBUG] TopicMap - RingBuffer.getReversedData-1 blog 1
[2014-08-19 08:15:22.202] [DEBUG] TopicMap - RingBuffer.getReversedData-2 [object Object]
[2014-08-19 08:15:22.204] [DEBUG] TopicMap - RingBuffer.getReversedData-1 wiki 1
[2014-08-19 08:15:22.207] [DEBUG] TopicMap - RingBuffer.getReversedData-2 [object Object]
[2014-08-19 08:15:22.209] [DEBUG] TopicMap - RingBuffer.getReversedData-1 tag 4
[2014-08-19 08:15:22.215] [DEBUG] TopicMap - RingBuffer.getReversedData-2 [object Object]
[2014-08-19 08:15:22.216] [DEBUG] TopicMap - RingBuffer.getReversedData-2 [object Object]
[2014-08-19 08:15:22.217] [DEBUG] TopicMap - RingBuffer.getReversedData-2 [object Object]
[2014-08-19 08:15:22.218] [DEBUG] TopicMap - RingBuffer.getReversedData-2 [object Object]
[2014-08-19 08:15:22.219] [DEBUG] TopicMap - RingBuffer.getReversedData-1 conversation 2
[2014-08-19 08:15:22.220] [DEBUG] TopicMap - RingBuffer.getReversedData-2 [object Object]
[2014-08-19 08:15:22.222] [DEBUG] TopicMap - RingBuffer.getReversedData-2 [object Object]
[2014-08-19 08:15:22.223] [DEBUG] TopicMap - RingBuffer.getReversedData-1 bookmark 1
[2014-08-19 08:15:22.224] [DEBUG] TopicMap - RingBuffer.getReversedData-2 [object Object]
[2014-08-19 08:15:23.654] [DEBUG] TopicMap - RingBuffer.getReversedData-1 tag 4
[2014-08-19 08:15:23.656] [DEBUG] TopicMap - RingBuffer.getReversedData-2 [object Object]
[2014-08-19 08:15:23.657] [DEBUG] TopicMap - RingBuffer.getReversedData-2 [object Object]
[2014-08-19 08:15:23.660] [DEBUG] TopicMap - RingBuffer.getReversedData-2 [object Object]
[2014-08-19 08:15:23.662] [DEBUG] TopicMap - RingBuffer.getReversedData-2 [object Object]
[2014-08-19 08:15:23.664] [DEBUG] TopicMap - RingBuffer.getReversedData-1 blog 1
[2014-08-19 08:15:23.665] [DEBUG] TopicMap - RingBuffer.getReversedData-2 [object Object]
[2014-08-19 08:15:23.667] [DEBUG] TopicMap - RingBuffer.getReversedData-1 wiki 1
[2014-08-19 08:15:23.668] [DEBUG] TopicMap - RingBuffer.getReversedData-2 [object Object]
[2014-08-19 08:15:23.669] [DEBUG] TopicMap - RingBuffer.getReversedData-1 conversation 2
[2014-08-19 08:15:23.671] [DEBUG] TopicMap - RingBuffer.getReversedData-2 [object Object]
[2014-08-19 08:15:23.672] [DEBUG] TopicMap - RingBuffer.getReversedData-2 [object Object]
[2014-08-19 08:15:23.674] [DEBUG] TopicMap - RingBuffer.getReversedData-1 bookmark 1
[2014-08-19 08:15:23.679] [DEBUG] TopicMap - RingBuffer.getReversedData-2 [object Object]
[2014-08-19 08:15:31.662] [DEBUG] TopicMap - RingBuffer.getReversedData-1 tag 4
[2014-08-19 08:15:31.666] [DEBUG] TopicMap - RingBuffer.getReversedData-2 [object Object]
[2014-08-19 08:15:31.667] [DEBUG] TopicMap - RingBuffer.getReversedData-2 [object Object]
[2014-08-19 08:15:31.669] [DEBUG] TopicMap - RingBuffer.getReversedData-2 [object Object]
[2014-08-19 08:15:31.670] [DEBUG] TopicMap - RingBuffer.getReversedData-2 [object Object]
[2014-08-19 08:15:31.672] [DEBUG] TopicMap - RingBuffer.getReversedData-1 blog 1
[2014-08-19 08:15:31.673] [DEBUG] TopicMap - RingBuffer.getReversedData-2 [object Object]
[2014-08-19 08:15:31.678] [DEBUG] TopicMap - RingBuffer.getReversedData-1 wiki 1
[2014-08-19 08:15:31.680] [DEBUG] TopicMap - RingBuffer.getReversedData-2 [object Object]
[2014-08-19 08:15:31.681] [DEBUG] TopicMap - RingBuffer.getReversedData-1 conversation 2
[2014-08-19 08:15:31.685] [DEBUG] TopicMap - RingBuffer.getReversedData-2 [object Object]
[2014-08-19 08:15:31.686] [DEBUG] TopicMap - RingBuffer.getReversedData-2 [object Object]
[2014-08-19 08:15:31.688] [DEBUG] TopicMap - RingBuffer.getReversedData-1 bookmark 1
[2014-08-19 08:15:31.689] [DEBUG] TopicMap - RingBuffer.getReversedData-2 [object Object]
[2014-08-19 08:15:37.011] [INFO] TopicMap - Environment started
[2014-08-19 08:15:37.013] [DEBUG] TopicMap - Environment.started
[2014-08-19 08:15:37.036] [DEBUG] TopicMap - RingBuffer blog 
[2014-08-19 08:15:37.038] [DEBUG] TopicMap - RingBuffer wiki 
[2014-08-19 08:15:37.039] [DEBUG] TopicMap - RingBuffer tag 
[2014-08-19 08:15:37.040] [DEBUG] TopicMap - RingBuffer tag [object Object]
[2014-08-19 08:15:37.042] [DEBUG] TopicMap - RingBuffer tag [object Object],[object Object]
[2014-08-19 08:15:37.043] [DEBUG] TopicMap - RingBuffer tag [object Object],[object Object],[object Object]
[2014-08-19 08:15:37.045] [DEBUG] TopicMap - RingBuffer bookmark 
[2014-08-19 08:15:37.046] [DEBUG] TopicMap - RingBuffer conversation 
[2014-08-19 08:15:37.048] [DEBUG] TopicMap - RingBuffer conversation [object Object]
[2014-08-19 08:15:37.051] [DEBUG] TopicMap - PortalEnvironment started [object Object]
[2014-08-19 08:15:41.547] [DEBUG] TopicMap - RingBuffer.getReversedData-1 tag 4
[2014-08-19 08:15:41.549] [DEBUG] TopicMap - RingBuffer.getReversedData-2 [object Object]
[2014-08-19 08:15:41.550] [DEBUG] TopicMap - RingBuffer.getReversedData-2 [object Object]
[2014-08-19 08:15:41.551] [DEBUG] TopicMap - RingBuffer.getReversedData-2 [object Object]
[2014-08-19 08:15:41.553] [DEBUG] TopicMap - RingBuffer.getReversedData-2 [object Object]
[2014-08-19 08:15:41.554] [DEBUG] TopicMap - RingBuffer.getReversedData-1 blog 1
[2014-08-19 08:15:41.555] [DEBUG] TopicMap - RingBuffer.getReversedData-2 [object Object]
[2014-08-19 08:15:41.557] [DEBUG] TopicMap - RingBuffer.getReversedData-1 wiki 1
[2014-08-19 08:15:41.558] [DEBUG] TopicMap - RingBuffer.getReversedData-2 [object Object]
[2014-08-19 08:15:41.562] [DEBUG] TopicMap - RingBuffer.getReversedData-1 conversation 2
[2014-08-19 08:15:41.564] [DEBUG] TopicMap - RingBuffer.getReversedData-2 [object Object]
[2014-08-19 08:15:41.566] [DEBUG] TopicMap - RingBuffer.getReversedData-2 [object Object]
[2014-08-19 08:15:41.568] [DEBUG] TopicMap - RingBuffer.getReversedData-1 bookmark 1
[2014-08-19 08:15:41.569] [DEBUG] TopicMap - RingBuffer.getReversedData-2 [object Object]
[2014-08-19 08:19:07.089] [DEBUG] TopicMap - DataProvider.__listNodesByQuery {"query":{"match":{"inOf":"ConversationMapNodeType"}},"sort":{"srtDt":{"order":"desc"}}}
[2014-08-19 08:19:14.267] [DEBUG] TopicMap - ES.getDocument {"_index":"topics","_type":"core","_id":"98de2ef0-27b1-11e4-9c72-f9e4da6b6c17"}
[2014-08-19 08:19:14.291] [DEBUG] TopicMap - Conversation.ajaxfetch 98de2ef0-27b1-11e4-9c72-f9e4da6b6c17 98de2ef0-27b1-11e4-9c72-f9e4da6b6c17 undefined
[2014-08-19 08:19:14.299] [DEBUG] TopicMap - ES.getDocument {"_index":"topics","_type":"core","_id":"98de2ef0-27b1-11e4-9c72-f9e4da6b6c17"}
[2014-08-19 08:19:14.318] [DEBUG] TopicMap - CommonModel.fillConversationTable-  [object Object]
[2014-08-19 08:19:14.337] [DEBUG] TopicMap - CommonModel.fillConversationTable-1 true undefined {"lox":"98de2ef0-27b1-11e4-9c72-f9e4da6b6c17","crtr":"jackpark","sIco":"/images/ibis/map_sm.png","lIco":"/images/ibis/map.png","crDt":"2014-08-19T08:00:45","srtDt":1408460445535,"lEdDt":"2014-08-19T08:00:45","isPrv":"false","inOf":"ConversationMapNodeType","trCl":["ConversationMapNodeType","TypeType","ClassType","NodeType"],"subj":{"theText":"Another Silly Conversation","lastEditDate":"2014-08-19T08:00:45","creatorId":"jackpark","editComment":""},"body":{"theText":"","lastEditDate":"2014-08-19T08:00:45","creatorId":"jackpark","editComment":""},"tpL":[{"relationType":"CreatorDocumentRelationType","relationLabel":"CreatorDocumentRelationType","icon":"/images/person_sm.png","locator":"jackpark","label":"Jack Park"}],"tpC":1,"pvL":[{"relationType":"TagDocumentRelationType","relationLabel":"TagDocumentRelationType","icon":"/images/tag_sm.png","locator":"Another_Silly_Conversation_Tag_TAG","label":"Another Silly Conversation Tag"}]}
[2014-08-19 08:19:14.341] [DEBUG] TopicMap - CommonModel.fillConversationTable+ true {"data":[]}
[2014-08-19 08:19:14.344] [DEBUG] TopicMap - ES.getDocument {"_index":"topics","_type":"core","_id":"98de2ef0-27b1-11e4-9c72-f9e4da6b6c17"}
[2014-08-19 08:19:14.362] [DEBUG] TopicMap - CommonModel.fillConversationTable-  [object Object]
[2014-08-19 08:19:14.376] [DEBUG] TopicMap - CommonModel.fillConversationTable-1 false undefined {"lox":"98de2ef0-27b1-11e4-9c72-f9e4da6b6c17","crtr":"jackpark","sIco":"/images/ibis/map_sm.png","lIco":"/images/ibis/map.png","crDt":"2014-08-19T08:00:45","srtDt":1408460445535,"lEdDt":"2014-08-19T08:00:45","isPrv":"false","inOf":"ConversationMapNodeType","trCl":["ConversationMapNodeType","TypeType","ClassType","NodeType"],"subj":{"theText":"Another Silly Conversation","lastEditDate":"2014-08-19T08:00:45","creatorId":"jackpark","editComment":""},"body":{"theText":"","lastEditDate":"2014-08-19T08:00:45","creatorId":"jackpark","editComment":""},"tpL":[{"relationType":"CreatorDocumentRelationType","relationLabel":"CreatorDocumentRelationType","icon":"/images/person_sm.png","locator":"jackpark","label":"Jack Park"}],"tpC":1,"pvL":[{"relationType":"TagDocumentRelationType","relationLabel":"TagDocumentRelationType","icon":"/images/tag_sm.png","locator":"Another_Silly_Conversation_Tag_TAG","label":"Another Silly Conversation Tag"}]}
[2014-08-19 08:19:14.378] [DEBUG] TopicMap - CommonModel.fillConversationTable+ false {"data":[]}
[2014-08-19 08:19:18.962] [DEBUG] TopicMap - DataProvider.__listNodesByQuery {"query":{"match":{"inOf":"TagNodeType"}},"sort":{"tpC":{"order":"desc"}}}
[2014-08-19 08:19:26.254] [DEBUG] TopicMap - ES.getDocument {"_index":"topics","_type":"core","_id":"Another_Silly_Topic_Tag_TAG"}
[2014-08-19 08:19:26.281] [DEBUG] TopicMap - ES.getDocument {"_index":"topics","_type":"core","_id":"Another_Silly_Topic_Tag_TAG"}
[2014-08-19 08:19:26.297] [DEBUG] TopicMap - CommonModel.fillConversationTable-  [object Object]
[2014-08-19 08:19:26.306] [DEBUG] TopicMap - CommonModel.fillConversationTable-1 true undefined {"lox":"Another_Silly_Topic_Tag_TAG","crtr":"jackpark","sIco":"/images/tag_sm.png","lIco":"/images/tag.png","crDt":"2014-08-19T08:01:12","srtDt":1408460472092,"lEdDt":"2014-08-19T08:01:12","isPrv":"false","label":["Another Silly Topic Tag"],"inOf":"TagNodeType","trCl":["TagNodeType","TypeType","ClassType","NodeType"],"pvL":[{"relationType":"TagCreatorRelationType","relationLabel":"TagCreatorRelationType","icon":"/images/person_sm.png","locator":"jackpark","label":"Jack Park"},{"relationType":"TagDocumentRelationType","relationLabel":"TagDocumentRelationType","icon":"/images/publication_sm.png","locator":"a8ab49d0-27b1-11e4-9c72-f9e4da6b6c17","label":"Another Silly Topic"}]}
[2014-08-19 08:19:26.308] [DEBUG] TopicMap - CommonModel.fillConversationTable+ true {"data":[]}
[2014-08-19 08:19:26.315] [DEBUG] TopicMap - ES.getDocument {"_index":"topics","_type":"core","_id":"Another_Silly_Topic_Tag_TAG"}
[2014-08-19 08:19:26.333] [DEBUG] TopicMap - CommonModel.fillConversationTable-  [object Object]
[2014-08-19 08:19:26.350] [DEBUG] TopicMap - CommonModel.fillConversationTable-1 false undefined {"lox":"Another_Silly_Topic_Tag_TAG","crtr":"jackpark","sIco":"/images/tag_sm.png","lIco":"/images/tag.png","crDt":"2014-08-19T08:01:12","srtDt":1408460472092,"lEdDt":"2014-08-19T08:01:12","isPrv":"false","label":["Another Silly Topic Tag"],"inOf":"TagNodeType","trCl":["TagNodeType","TypeType","ClassType","NodeType"],"pvL":[{"relationType":"TagCreatorRelationType","relationLabel":"TagCreatorRelationType","icon":"/images/person_sm.png","locator":"jackpark","label":"Jack Park"},{"relationType":"TagDocumentRelationType","relationLabel":"TagDocumentRelationType","icon":"/images/publication_sm.png","locator":"a8ab49d0-27b1-11e4-9c72-f9e4da6b6c17","label":"Another Silly Topic"}]}
[2014-08-19 08:19:26.353] [DEBUG] TopicMap - CommonModel.fillConversationTable+ false {"data":[]}
[2014-08-19 08:20:23.017] [DEBUG] TopicMap - DataProvider.__listNodesByQuery {"query":{"term":{"inOf":"UserType"}}}
[2014-08-19 08:20:25.841] [DEBUG] TopicMap - ES.getDocument {"_index":"topics","_type":"core","_id":"jackpark"}
[2014-08-19 08:43:47.142] [DEBUG] TopicMap - DataProvider.__listNodesByQuery {"query":{"term":{"inOf":"UserType"}}}
[2014-08-19 08:43:51.621] [DEBUG] TopicMap - ES.getDocument {"_index":"topics","_type":"core","_id":"jackpark"}
[2014-08-19 08:49:48.941] [DEBUG] TopicMap - ES.getDocument {"_index":"topics","_type":"core","_id":"jackpark"}
[2014-08-19 09:00:31.080] [INFO] TopicMap - Environment started
[2014-08-19 09:00:31.083] [DEBUG] TopicMap - Environment.started
[2014-08-19 09:00:31.108] [DEBUG] TopicMap - RingBuffer blog 
[2014-08-19 09:00:31.109] [DEBUG] TopicMap - RingBuffer wiki 
[2014-08-19 09:00:31.111] [DEBUG] TopicMap - RingBuffer tag 
[2014-08-19 09:00:31.113] [DEBUG] TopicMap - RingBuffer tag [object Object]
[2014-08-19 09:00:31.114] [DEBUG] TopicMap - RingBuffer tag [object Object],[object Object]
[2014-08-19 09:00:31.116] [DEBUG] TopicMap - RingBuffer tag [object Object],[object Object],[object Object]
[2014-08-19 09:00:31.118] [DEBUG] TopicMap - RingBuffer bookmark 
[2014-08-19 09:00:31.119] [DEBUG] TopicMap - RingBuffer conversation 
[2014-08-19 09:00:31.121] [DEBUG] TopicMap - RingBuffer conversation [object Object]
[2014-08-19 09:00:31.125] [DEBUG] TopicMap - PortalEnvironment started [object Object]
[2014-08-19 09:00:44.390] [DEBUG] TopicMap - RingBuffer.getReversedData-1 tag 4
[2014-08-19 09:00:44.391] [DEBUG] TopicMap - RingBuffer.getReversedData-2 [object Object]
[2014-08-19 09:00:44.392] [DEBUG] TopicMap - RingBuffer.getReversedData-2 [object Object]
[2014-08-19 09:00:44.393] [DEBUG] TopicMap - RingBuffer.getReversedData-2 [object Object]
[2014-08-19 09:00:44.395] [DEBUG] TopicMap - RingBuffer.getReversedData-2 [object Object]
[2014-08-19 09:00:44.396] [DEBUG] TopicMap - RingBuffer.getReversedData-1 blog 1
[2014-08-19 09:00:44.397] [DEBUG] TopicMap - RingBuffer.getReversedData-2 [object Object]
[2014-08-19 09:00:44.399] [DEBUG] TopicMap - RingBuffer.getReversedData-1 wiki 1
[2014-08-19 09:00:44.400] [DEBUG] TopicMap - RingBuffer.getReversedData-2 [object Object]
[2014-08-19 09:00:44.402] [DEBUG] TopicMap - RingBuffer.getReversedData-1 conversation 2
[2014-08-19 09:00:44.403] [DEBUG] TopicMap - RingBuffer.getReversedData-2 [object Object]
[2014-08-19 09:00:44.404] [DEBUG] TopicMap - RingBuffer.getReversedData-2 [object Object]
[2014-08-19 09:00:44.405] [DEBUG] TopicMap - RingBuffer.getReversedData-1 bookmark 1
[2014-08-19 09:00:44.406] [DEBUG] TopicMap - RingBuffer.getReversedData-2 [object Object]
[2014-08-19 09:00:52.545] [DEBUG] TopicMap - DataProvider.__listNodesByQuery {"size":100,"from":0,"query":{"match":{"inOf":"WikiNodeType"}},"sort":{"srtDt":{"order":"desc"}}}
[2014-08-19 09:01:27.740] [DEBUG] TopicMap - WikiModel.create {"locator":"","title":"Wiki Topic To Test New Stuff","body":"<p>This is all about stuff</p>","tags":"Testing Tag, FooBar Tag"}
[2014-08-19 09:01:27.746] [DEBUG] TopicMap - ES.getDocument {"_index":"topics","_type":"core","_id":"jackpark"}
[2014-08-19 09:01:28.007] [DEBUG] TopicMap - ES.getDocument {"_index":"topics","_type":"core","_id":"WikiNodeType"}
[2014-08-19 09:01:28.031] [DEBUG] TopicMap - WikiModel adding ring [object Object]
[2014-08-19 09:01:28.033] [DEBUG] TopicMap - RingBuffer wiki [object Object]
[2014-08-19 09:01:28.040] [DEBUG] TopicMap - ES.getDocument {"_index":"topics","_type":"core","_id":"Testing_Tag_TAG"}
[2014-08-19 09:01:28.046] [DEBUG] TopicMap - ES.getDocument {"_index":"topics","_type":"core","_id":"FooBar_Tag_TAG"}
[2014-08-19 09:01:28.049] [DEBUG] TopicMap - NEW_POST-1 
[2014-08-19 09:01:28.071] [DEBUG] TopicMap - ES.index {"_index":"topics","_type":"core","_id":"13f12a90-27ba-11e4-a55a-1f49eed2a12b"}
[2014-08-19 09:01:28.077] [ERROR] TopicMap - ES.getDocument {"_index":"topics","_type":"core","_id":"Testing_Tag_TAG","query":{},"pathname":"/topics/core/Testing_Tag_TAG","method":"GET"}
[2014-08-19 09:01:28.077] [ERROR] TopicMap - DP.getNodeByLocator Testing_Tag_TAG Error: {"_index":"topics","_type":"core","_id":"Testing_Tag_TAG","found":false}
[2014-08-19 09:01:28.091] [DEBUG] TopicMap - ES.getDocument {"_index":"topics","_type":"core","_id":"TagNodeType"}
[2014-08-19 09:01:28.099] [ERROR] TopicMap - ES.getDocument {"_index":"topics","_type":"core","_id":"FooBar_Tag_TAG","query":{},"pathname":"/topics/core/FooBar_Tag_TAG","method":"GET"}
[2014-08-19 09:01:28.099] [ERROR] TopicMap - DP.getNodeByLocator FooBar_Tag_TAG Error: {"_index":"topics","_type":"core","_id":"FooBar_Tag_TAG","found":false}
[2014-08-19 09:01:28.112] [DEBUG] TopicMap - ES.getDocument {"_index":"topics","_type":"core","_id":"TagNodeType"}
[2014-08-19 09:01:28.137] [DEBUG] TopicMap - ES.getDocument {"_index":"topics","_type":"core","_id":"CreatorDocumentRelationType"}
[2014-08-19 09:01:28.165] [DEBUG] TopicMap - ES.index {"_index":"topics","_type":"core","_id":"Testing_Tag_TAG"}
[2014-08-19 09:01:28.191] [DEBUG] TopicMap - ES.index {"_index":"topics","_type":"core","_id":"FooBar_Tag_TAG"}
[2014-08-19 09:01:28.225] [DEBUG] TopicMap - ES.index {"_index":"topics","_type":"core","_id":"jackparkCreatorDocumentRelationType13f12a90-27ba-11e4-a55a-1f49eed2a12b"}
[2014-08-19 09:01:28.237] [DEBUG] TopicMap - RingBuffer tag [object Object],[object Object],[object Object],[object Object]
[2014-08-19 09:01:28.238] [DEBUG] TopicMap - TagModel just added to RingBuffer
[2014-08-19 09:01:28.241] [DEBUG] TopicMap - TagModel.__wireRelations Testing_Tag_TAG 13f12a90-27ba-11e4-a55a-1f49eed2a12b jackpark
[2014-08-19 09:01:28.243] [DEBUG] TopicMap - TagModel.__wireRelations-1 TagCreatorRelationType jackpark Testing_Tag_TAG
[2014-08-19 09:01:28.260] [DEBUG] TopicMap - ES.getDocument {"_index":"topics","_type":"core","_id":"TagCreatorRelationType"}
[2014-08-19 09:01:28.493] [DEBUG] TopicMap - ES.index {"_index":"topics","_type":"core","_id":"jackpark"}
[2014-08-19 09:01:28.499] [DEBUG] TopicMap - RingBuffer tag [object Object],[object Object],[object Object],[object Object],[object Object]
[2014-08-19 09:01:28.500] [DEBUG] TopicMap - TagModel just added to RingBuffer
[2014-08-19 09:01:28.503] [DEBUG] TopicMap - TagModel.__wireRelations FooBar_Tag_TAG 13f12a90-27ba-11e4-a55a-1f49eed2a12b jackpark
[2014-08-19 09:01:28.505] [DEBUG] TopicMap - TagModel.__wireRelations-1 TagCreatorRelationType jackpark FooBar_Tag_TAG
[2014-08-19 09:01:28.526] [DEBUG] TopicMap - ES.getDocument {"_index":"topics","_type":"core","_id":"TagCreatorRelationType"}
[2014-08-19 09:01:28.571] [DEBUG] TopicMap - ES.index {"_index":"topics","_type":"core","_id":"jackparkTagCreatorRelationTypeFooBar_Tag_TAG"}
[2014-08-19 09:01:28.605] [DEBUG] TopicMap - ES.index {"_index":"topics","_type":"core","_id":"jackparkTagCreatorRelationTypeTesting_Tag_TAG"}
[2014-08-19 09:01:28.620] [DEBUG] TopicMap - ES.index {"_index":"topics","_type":"core","_id":"13f12a90-27ba-11e4-a55a-1f49eed2a12b"}
[2014-08-19 09:01:28.897] [DEBUG] TopicMap - ES.index {"_index":"topics","_type":"core","_id":"jackpark"}
[2014-08-19 09:01:29.149] [DEBUG] TopicMap - ES.index {"_index":"topics","_type":"core","_id":"jackpark"}
[2014-08-19 09:01:29.170] [DEBUG] TopicMap - ES.index {"_index":"topics","_type":"core","_id":"Testing_Tag_TAG"}
[2014-08-19 09:01:29.182] [DEBUG] TopicMap - ES.index {"_index":"topics","_type":"core","_id":"FooBar_Tag_TAG"}
[2014-08-19 09:01:29.194] [DEBUG] TopicMap - DataProvider.__listNodesByQuery {"size":100,"from":0,"query":{"match":{"inOf":"WikiNodeType"}},"sort":{"srtDt":{"order":"desc"}}}
[2014-08-19 09:01:29.199] [DEBUG] TopicMap - TagModel.__wireRelations-2 TagDocumentRelationType FooBar_Tag_TAG 13f12a90-27ba-11e4-a55a-1f49eed2a12b
[2014-08-19 09:01:29.217] [DEBUG] TopicMap - ES.getDocument {"_index":"topics","_type":"core","_id":"TagDocumentRelationType"}
[2014-08-19 09:01:29.222] [DEBUG] TopicMap - TagModel.__wireRelations-2 TagDocumentRelationType Testing_Tag_TAG 13f12a90-27ba-11e4-a55a-1f49eed2a12b
[2014-08-19 09:01:29.241] [DEBUG] TopicMap - ES.getDocument {"_index":"topics","_type":"core","_id":"TagDocumentRelationType"}
[2014-08-19 09:01:29.277] [DEBUG] TopicMap - ES.index {"_index":"topics","_type":"core","_id":"FooBar_Tag_TAGTagDocumentRelationType13f12a90-27ba-11e4-a55a-1f49eed2a12b"}
[2014-08-19 09:01:29.803] [DEBUG] TopicMap - ES.index {"_index":"topics","_type":"core","_id":"Testing_Tag_TAGTagDocumentRelationType13f12a90-27ba-11e4-a55a-1f49eed2a12b"}
[2014-08-19 09:01:29.841] [DEBUG] TopicMap - ES.index {"_index":"topics","_type":"core","_id":"Testing_Tag_TAG"}
[2014-08-19 09:01:29.855] [DEBUG] TopicMap - ES.index {"_index":"topics","_type":"core","_id":"FooBar_Tag_TAG"}
[2014-08-19 09:01:29.904] [DEBUG] TopicMap - ES.index {"_index":"topics","_type":"core","_id":"13f12a90-27ba-11e4-a55a-1f49eed2a12b"}
[2014-08-19 09:01:29.922] [DEBUG] TopicMap - ES.index {"_index":"topics","_type":"core","_id":"13f12a90-27ba-11e4-a55a-1f49eed2a12b"}
[2014-08-19 09:01:34.985] [DEBUG] TopicMap - ES.getDocument {"_index":"topics","_type":"core","_id":"13f12a90-27ba-11e4-a55a-1f49eed2a12b"}
[2014-08-19 09:01:35.034] [DEBUG] TopicMap - ES.getDocument {"_index":"topics","_type":"core","_id":"13f12a90-27ba-11e4-a55a-1f49eed2a12b"}
[2014-08-19 09:01:35.056] [DEBUG] TopicMap - CommonModel.fillConversationTable-  [object Object]
[2014-08-19 09:01:35.076] [DEBUG] TopicMap - CommonModel.fillConversationTable-1 true undefined {"lox":"13f12a90-27ba-11e4-a55a-1f49eed2a12b","crtr":"jackpark","sIco":"/images/publication_sm.png","lIco":"/images/publication.png","crDt":"2014-08-19T09:01:27","srtDt":1408464087994,"lEdDt":"2014-08-19T09:01:27","isPrv":"false","inOf":"WikiNodeType","trCl":["WikiNodeType","TypeType","ClassType","NodeType"],"subj":{"theText":"Wiki Topic To Test New Stuff","lastEditDate":"2014-08-19T09:01:28","creatorId":"jackpark","editComment":""},"body":{"theText":"<p>This is all about stuff</p>","lastEditDate":"2014-08-19T09:01:28","creatorId":"jackpark","editComment":""},"pvL":[{"relationType":"CreatorDocumentRelationType","relationLabel":"CreatorDocumentRelationType","documentType":"UserType","icon":"/images/person_sm.png","locator":"jackpark","label":"Jack Park"},{"relationType":"TagDocumentRelationType","relationLabel":"TagDocumentRelationType","documentType":"TagNodeType","icon":"/images/tag_sm.png","locator":"FooBar_Tag_TAG","label":"FooBar Tag"},{"relationType":"TagDocumentRelationType","relationLabel":"TagDocumentRelationType","documentType":"TagNodeType","icon":"/images/tag_sm.png","locator":"Testing_Tag_TAG","label":"Testing Tag"}]}
[2014-08-19 09:01:35.078] [DEBUG] TopicMap - CommonModel.fillConversationTable+ true {"data":[]}
[2014-08-19 09:01:35.083] [DEBUG] TopicMap - ES.getDocument {"_index":"topics","_type":"core","_id":"13f12a90-27ba-11e4-a55a-1f49eed2a12b"}
[2014-08-19 09:01:35.112] [DEBUG] TopicMap - CommonModel.fillConversationTable-  [object Object]
[2014-08-19 09:01:35.128] [DEBUG] TopicMap - CommonModel.fillConversationTable-1 false undefined {"lox":"13f12a90-27ba-11e4-a55a-1f49eed2a12b","crtr":"jackpark","sIco":"/images/publication_sm.png","lIco":"/images/publication.png","crDt":"2014-08-19T09:01:27","srtDt":1408464087994,"lEdDt":"2014-08-19T09:01:27","isPrv":"false","inOf":"WikiNodeType","trCl":["WikiNodeType","TypeType","ClassType","NodeType"],"subj":{"theText":"Wiki Topic To Test New Stuff","lastEditDate":"2014-08-19T09:01:28","creatorId":"jackpark","editComment":""},"body":{"theText":"<p>This is all about stuff</p>","lastEditDate":"2014-08-19T09:01:28","creatorId":"jackpark","editComment":""},"pvL":[{"relationType":"CreatorDocumentRelationType","relationLabel":"CreatorDocumentRelationType","documentType":"UserType","icon":"/images/person_sm.png","locator":"jackpark","label":"Jack Park"},{"relationType":"TagDocumentRelationType","relationLabel":"TagDocumentRelationType","documentType":"TagNodeType","icon":"/images/tag_sm.png","locator":"FooBar_Tag_TAG","label":"FooBar Tag"},{"relationType":"TagDocumentRelationType","relationLabel":"TagDocumentRelationType","documentType":"TagNodeType","icon":"/images/tag_sm.png","locator":"Testing_Tag_TAG","label":"Testing Tag"}]}
[2014-08-19 09:01:35.131] [DEBUG] TopicMap - CommonModel.fillConversationTable+ false {"data":[]}
[2014-08-19 09:01:37.436] [DEBUG] TopicMap - ES.getDocument {"_index":"topics","_type":"core","_id":"Testing_Tag_TAG"}
[2014-08-19 09:01:37.473] [DEBUG] TopicMap - ES.getDocument {"_index":"topics","_type":"core","_id":"Testing_Tag_TAG"}
[2014-08-19 09:01:37.490] [DEBUG] TopicMap - CommonModel.fillConversationTable-  [object Object]
[2014-08-19 09:01:37.501] [DEBUG] TopicMap - CommonModel.fillConversationTable-1 true undefined {"lox":"Testing_Tag_TAG","crtr":"jackpark","sIco":"/images/tag_sm.png","lIco":"/images/tag.png","crDt":"2014-08-19T09:01:28","srtDt":1408464088079,"lEdDt":"2014-08-19T09:01:28","isPrv":"false","label":["Testing Tag"],"inOf":"TagNodeType","trCl":["TagNodeType","TypeType","ClassType","NodeType"],"pvL":[{"relationType":"TagCreatorRelationType","relationLabel":"TagCreatorRelationType","documentType":"UserType","icon":"/images/person_sm.png","locator":"jackpark","label":"Jack Park"},{"relationType":"TagDocumentRelationType","relationLabel":"TagDocumentRelationType","documentType":"WikiNodeType","icon":"/images/publication_sm.png","locator":"13f12a90-27ba-11e4-a55a-1f49eed2a12b","label":"Wiki Topic To Test New Stuff"}]}
[2014-08-19 09:01:37.504] [DEBUG] TopicMap - CommonModel.fillConversationTable+ true {"data":[]}
[2014-08-19 09:01:37.507] [DEBUG] TopicMap - ES.getDocument {"_index":"topics","_type":"core","_id":"Testing_Tag_TAG"}
[2014-08-19 09:01:37.524] [DEBUG] TopicMap - CommonModel.fillConversationTable-  [object Object]
[2014-08-19 09:01:37.535] [DEBUG] TopicMap - CommonModel.fillConversationTable-1 false undefined {"lox":"Testing_Tag_TAG","crtr":"jackpark","sIco":"/images/tag_sm.png","lIco":"/images/tag.png","crDt":"2014-08-19T09:01:28","srtDt":1408464088079,"lEdDt":"2014-08-19T09:01:28","isPrv":"false","label":["Testing Tag"],"inOf":"TagNodeType","trCl":["TagNodeType","TypeType","ClassType","NodeType"],"pvL":[{"relationType":"TagCreatorRelationType","relationLabel":"TagCreatorRelationType","documentType":"UserType","icon":"/images/person_sm.png","locator":"jackpark","label":"Jack Park"},{"relationType":"TagDocumentRelationType","relationLabel":"TagDocumentRelationType","documentType":"WikiNodeType","icon":"/images/publication_sm.png","locator":"13f12a90-27ba-11e4-a55a-1f49eed2a12b","label":"Wiki Topic To Test New Stuff"}]}
[2014-08-19 09:01:37.537] [DEBUG] TopicMap - CommonModel.fillConversationTable+ false {"data":[]}
[2014-08-19 09:01:45.357] [DEBUG] TopicMap - ES.getDocument {"_index":"topics","_type":"core","_id":"jackpark"}
[2014-08-19 09:39:44.902] [INFO] TopicMap - Environment started
[2014-08-19 09:39:44.905] [DEBUG] TopicMap - Environment.started
[2014-08-19 09:39:44.927] [DEBUG] TopicMap - RingBuffer blog 
[2014-08-19 09:39:44.928] [DEBUG] TopicMap - RingBuffer wiki 
[2014-08-19 09:39:44.930] [DEBUG] TopicMap - RingBuffer tag 
[2014-08-19 09:39:44.931] [DEBUG] TopicMap - RingBuffer tag [object Object]
[2014-08-19 09:39:44.933] [DEBUG] TopicMap - RingBuffer tag [object Object],[object Object]
[2014-08-19 09:39:44.934] [DEBUG] TopicMap - RingBuffer tag [object Object],[object Object],[object Object]
[2014-08-19 09:39:44.935] [DEBUG] TopicMap - RingBuffer bookmark 
[2014-08-19 09:39:44.937] [DEBUG] TopicMap - RingBuffer conversation 
[2014-08-19 09:39:44.938] [DEBUG] TopicMap - RingBuffer conversation [object Object]
[2014-08-19 09:39:44.941] [DEBUG] TopicMap - PortalEnvironment started [object Object]
[2014-08-19 09:40:04.340] [DEBUG] TopicMap - RingBuffer.getReversedData-1 tag 4
[2014-08-19 09:40:04.342] [DEBUG] TopicMap - RingBuffer.getReversedData-2 [object Object]
[2014-08-19 09:40:04.343] [DEBUG] TopicMap - RingBuffer.getReversedData-2 [object Object]
[2014-08-19 09:40:04.344] [DEBUG] TopicMap - RingBuffer.getReversedData-2 [object Object]
[2014-08-19 09:40:04.345] [DEBUG] TopicMap - RingBuffer.getReversedData-2 [object Object]
[2014-08-19 09:40:04.347] [DEBUG] TopicMap - RingBuffer.getReversedData-1 blog 1
[2014-08-19 09:40:04.348] [DEBUG] TopicMap - RingBuffer.getReversedData-2 [object Object]
[2014-08-19 09:40:04.350] [DEBUG] TopicMap - RingBuffer.getReversedData-1 wiki 1
[2014-08-19 09:40:04.351] [DEBUG] TopicMap - RingBuffer.getReversedData-2 [object Object]
[2014-08-19 09:40:04.354] [DEBUG] TopicMap - RingBuffer.getReversedData-1 conversation 2
[2014-08-19 09:40:04.357] [DEBUG] TopicMap - RingBuffer.getReversedData-2 [object Object]
[2014-08-19 09:40:04.358] [DEBUG] TopicMap - RingBuffer.getReversedData-2 [object Object]
[2014-08-19 09:40:04.360] [DEBUG] TopicMap - RingBuffer.getReversedData-1 bookmark 1
[2014-08-19 09:40:04.361] [DEBUG] TopicMap - RingBuffer.getReversedData-2 [object Object]
